Preprocessing library wavefront-render-0.1.0.0...
Preprocessing executable 'Viewer' for wavefront-render-0.1.0.0...
[1 of 1] Compiling Main             ( app\Viewer.hs, .stack-work\dist\b7fec021\build\Viewer\Viewer-tmp\Main.o )

app\Viewer.hs:45:1: warning: [-Wunused-imports]
    The import of `Data.Monoid' is redundant
      except perhaps to import instances from `Data.Monoid'
    To import instances alone, use: import Data.Monoid()

app\Viewer.hs:48:1: warning: [-Wunused-imports]
    The qualified import of `Data.Vector' is redundant
      except perhaps to import instances from `Data.Vector'
    To import instances alone, use: import Data.Vector()

app\Viewer.hs:49:1: warning: [-Wunused-imports]
    The import of `!, Vector' from module `Data.Vector' is redundant

app\Viewer.hs:63:1: warning: [-Wunused-imports]
    The import of `Control.Applicative' is redundant
      except perhaps to import instances from `Control.Applicative'
    To import instances alone, use: import Control.Applicative()

app\Viewer.hs:65:1: warning: [-Wunused-imports]
    The import of `Control.Arrow' is redundant
      except perhaps to import instances from `Control.Arrow'
    To import instances alone, use: import Control.Arrow()

app\Viewer.hs:69:1: warning: [-Wunused-imports]
    The import of `Linear' is redundant
      except perhaps to import instances from `Linear'
    To import instances alone, use: import Linear()

app\Viewer.hs:130:1: warning: [-Wincomplete-patterns]
    Pattern match(es) are non-exhaustive
    In an equation for `triangles': Patterns not matched: []

app\Viewer.hs:193:1: warning: [-Wmissing-signatures]
    Top-level binding with no type signature:
      getJuicyPixel :: forall t t1 a.
                       Juicy.ColorSpaceConvertible a Juicy.PixelRGB8 =>
                       [V3 Juicy.Pixel8] -> t -> t1 -> a -> [V3 Juicy.Pixel8]

app\Viewer.hs:213:7: warning: [-Wname-shadowing]
    This binding for `root' shadows the existing binding
      imported from `Graphics.WaveFront' at app\Viewer.hs:73:1-35
      (and originally defined in `Graphics.WaveFront.Lenses')

app\Viewer.hs:221:7: warning: [-Wunused-local-binds]
    Defined but not used: `cs'

app\Viewer.hs:231:13: warning: [-Wunused-matches]
    Defined but not used: size'

app\Viewer.hs:262:19: warning: [-Wmissing-fields]
    * Fields of `App' not initialised: fRasterOptions
    * In the second argument of `($)', namely
        `App
           {fVertices = vertexBuffer, fScalarUniforms = scalars,
            fMatrixUniforms = matrices, fScalarValues = [0, 0, 0],
            fMatrixValues = [mkTransformationMat
                               (fromQuaternion $ axisAngle (V3 1 0 0) (0)) (V3 0 0 0),
                             perspective (60 * π / 180) (1) 1 1000]}'
      In a stmt of a 'do' block:
        loop shader
        $ App
            {fVertices = vertexBuffer, fScalarUniforms = scalars,
             fMatrixUniforms = matrices, fScalarValues = [0, 0, 0],
             fMatrixValues = [mkTransformationMat
                                (fromQuaternion $ axisAngle (V3 1 0 0) (0)) (V3 0 0 0),
                              perspective (60 * π / 180) (1) 1 1000]}
      In the second argument of `($)', namely
        `do { (Right (size', tex)) <- loadTexture
                                      $ root
                                        </>
                                          "assets/models/textures/"
                                          </> (T.unpack . head . toList $ textures m);
              vertexBuffer :: Buffer os (B4 Float, B2 Float) <- newBuffer
                                                                  (length vs);
              writeBuffer vertexBuffer 0
              $ zipWith
                  (\ (V3 x y z) (V2 tx ty) -> (V4 x y z 1, V2 (1 - tx) ty))
                  (toList vs)
                  (toList ts);
              scalars :: Buffer os (Uniform (B Float)) <- newBuffer 3;
              .... }'

app\Viewer.hs:273:1: warning: [-Wmissing-signatures]
    Top-level binding with no type signature:
      tick :: forall b (m :: * -> *) os f a b1 b2.
              (HostFormat b1 ~ M44 a, HasMatrixUniforms b (Buffer os b1),
               HasMatrixValues b [M44 a],
               HasRasterOptions b (Side, ViewPort, DepthRange),
               HasScalarUniforms b (Buffer os b2),
               HasScalarValues b [HostFormat b2], Epsilon a, MonadIO m,
               Fractional (HostFormat b2), Floating a) =>
              b -> ContextT GLFWWindow os f m b

app\Viewer.hs:274:12: warning: [-Wunused-matches]
    Defined but not used: cx'

app\Viewer.hs:274:16: warning: [-Wunused-matches]
    Defined but not used: cy'

app\Viewer.hs:299:1: warning: [-Wmissing-signatures]
    Top-level binding with no type signature:
      loop :: forall (m :: * -> *) os a b b1 c ds a1 t.
              (HostFormat b ~ V4 (V4 a), Color c Float ~ V3 a1,
               HasMatrixUniforms t (Buffer os b), HasMatrixValues t [M44 a],
               HasRasterOptions t (Side, ViewPort, DepthRange),
               HasScalarUniforms t (Buffer os b1),
               HasScalarValues t [HostFormat b1],
               HasVertices t (Buffer os (B4 Float, B2 Float)), Epsilon a,
               MonadIO m, ContextColorFormat c, DepthRenderable ds,
               exception-transformers-0.4.0.4:Control.Monad.Exception.MonadException
                 m,
               Fractional (HostFormat b1), Fractional a1, Floating a) =>
              (ShaderData -> Render os (ContextFormat c ds) ())
              -> t -> ContextT GLFWWindow os (ContextFormat c ds) m ()
Linking .stack-work\dist\b7fec021\build\Viewer\Viewer.exe ...
Installing library in
C:\Users\Jonatan\Desktop\Haskell\modules\wavefront-render\.stack-work\install\26812796\lib\x86_64-windows-ghc-8.0.1\wavefront-render-0.1.0.0-FvMeJIVTVI2CdYT5fdVjPa
Installing executable(s) in
C:\Users\Jonatan\Desktop\Haskell\modules\wavefront-render\.stack-work\install\26812796\bin
Registering wavefront-render-0.1.0.0...
