Configuring WaveFront-0.5.0.0...
Preprocessing library WaveFront-0.5.0.0...
[ 1 of 10] Compiling Graphics.WaveFront.Foreign ( src\Graphics\WaveFront\Foreign.hs, .stack-work\dist\b7fec021\build\Graphics\WaveFront\Foreign.o )
[ 2 of 10] Compiling Graphics.WaveFront.Types ( src\Graphics\WaveFront\Types.hs, .stack-work\dist\b7fec021\build\Graphics\WaveFront\Types.o )
[ 3 of 10] Compiling Graphics.WaveFront.Parse.Common ( src\Graphics\WaveFront\Parse\Common.hs, .stack-work\dist\b7fec021\build\Graphics\WaveFront\Parse\Common.o )

src\Graphics\WaveFront\Parse\Common.hs:160:13: warning: [-Wunused-matches]
    Defined but not used: `lw'

src\Graphics\WaveFront\Parse\Common.hs:160:16: warning: [-Wunused-matches]
    Defined but not used: `up'

src\Graphics\WaveFront\Parse\Common.hs:160:19: warning: [-Wname-shadowing]
    This binding for `n' shadows the existing binding
      bound at src\Graphics\WaveFront\Parse\Common.hs:156:19
[ 4 of 10] Compiling Graphics.WaveFront.Lenses ( src\Graphics\WaveFront\Lenses.hs, .stack-work\dist\b7fec021\build\Graphics\WaveFront\Lenses.o )
[ 5 of 10] Compiling Graphics.WaveFront.Model ( src\Graphics\WaveFront\Model.hs, .stack-work\dist\b7fec021\build\Graphics\WaveFront\Model.o )

src\Graphics\WaveFront\Model.hs:52:1: warning: [-Wunused-imports]
    The import of `!?' from module `Data.Vector' is redundant

src\Graphics\WaveFront\Model.hs:65:1: warning: [-Wunused-imports]
    The import of `&, .~, _1, _2, _3'
    from module `Control.Lens' is redundant

src\Graphics\WaveFront\Model.hs:90:1: warning: [-Wunused-top-binds]
    Defined but not used: `eitherToMaybe'

src\Graphics\WaveFront\Model.hs:200:17: warning: [-Wunused-matches]
    Defined but not used: `attrs'

src\Graphics\WaveFront\Model.hs:240:20: warning: [-Wname-shadowing]
    This binding for `materials' shadows the existing binding
      imported from `Graphics.WaveFront.Lenses' at src\Graphics\WaveFront\Model.hs:70:1-32
      (and originally defined
         at src\Graphics\WaveFront\Lenses.hs:54:1-40)

src\Graphics\WaveFront\Model.hs:240:30: warning: [-Wname-shadowing]
    This binding for `root' shadows the existing binding
      imported from `Graphics.WaveFront.Lenses' at src\Graphics\WaveFront\Model.hs:70:1-32
      (and originally defined
         at src\Graphics\WaveFront\Lenses.hs:54:1-40)

src\Graphics\WaveFront\Model.hs:307:1: warning: [-Wredundant-constraints]
    * Redundant constraint: Integral i
    * In the type signature for:
           fromFaceIndices :: Integral i =>
                              Vector (v f)
                              -> (Vector (v f) -> a -> b)
                              -> (VertexIndices i -> a)
                              -> Vector (Face f Text i Vector)
                              -> Vector b
[ 6 of 10] Compiling Graphics.WaveFront.Parse.OBJ ( src\Graphics\WaveFront\Parse\OBJ.hs, .stack-work\dist\b7fec021\build\Graphics\WaveFront\Parse\OBJ.o )

src\Graphics\WaveFront\Parse\OBJ.hs:54:1: warning: [-Wdodgy-imports]
    Module `Graphics.WaveFront.Types' does not export `texture'
[ 7 of 10] Compiling Graphics.WaveFront.Parse.MTL ( src\Graphics\WaveFront\Parse\MTL.hs, .stack-work\dist\b7fec021\build\Graphics\WaveFront\Parse\MTL.o )

src\Graphics\WaveFront\Parse\MTL.hs:53:1: warning: [-Wdodgy-imports]
    Module `Graphics.WaveFront.Types' does not export `ambient'

src\Graphics\WaveFront\Parse\MTL.hs:53:1: warning: [-Wdodgy-imports]
    Module `Graphics.WaveFront.Types' does not export `diffuse'

src\Graphics\WaveFront\Parse\MTL.hs:53:1: warning: [-Wdodgy-imports]
    Module `Graphics.WaveFront.Types' does not export `specular'
[ 8 of 10] Compiling Graphics.WaveFront.Parse ( src\Graphics\WaveFront\Parse.hs, .stack-work\dist\b7fec021\build\Graphics\WaveFront\Parse.o )
[ 9 of 10] Compiling Graphics.WaveFront.Load ( src\Graphics\WaveFront\Load.hs, .stack-work\dist\b7fec021\build\Graphics\WaveFront\Load.o )

src\Graphics\WaveFront\Load.hs:105:3: warning: [-Wname-shadowing]
    This binding for `obj' shadows the existing binding
      defined at src\Graphics\WaveFront\Load.hs:72:1

src\Graphics\WaveFront\Load.hs:106:3: warning: [-Wname-shadowing]
    This binding for `materials' shadows the existing binding
      defined at src\Graphics\WaveFront\Load.hs:93:1
[10 of 10] Compiling Graphics.WaveFront ( src\Graphics\WaveFront.hs, .stack-work\dist\b7fec021\build\Graphics\WaveFront.o )

src\Graphics\WaveFront.hs:33:17: warning: [-Wdodgy-exports]
    The export item `Illumination(..)' suggests that
    `Illumination' has (in-scope) constructors or class methods,
    but it has none

src\Graphics\WaveFront.hs:33:40: warning: [-Wdodgy-exports]
    The export item `MTLTable(..)' suggests that
    `MTLTable' has (in-scope) constructors or class methods,
    but it has none

src\Graphics\WaveFront.hs:42:3: warning: [-Wduplicate-exports]
    `OBJ' is exported by `module Graphics.WaveFront.Parse' and `OBJ'

src\Graphics\WaveFront.hs:42:3: warning: [-Wduplicate-exports]
    `MTL' is exported by `module Graphics.WaveFront.Parse' and `MTL'

src\Graphics\WaveFront.hs:48:3: warning: [-Wdodgy-exports]
    The export item `module Load' exports nothing

src\Graphics\WaveFront.hs:59:1: warning: [-Wunused-imports]
    The import of `Graphics.WaveFront.Parse.Common' is redundant
      except perhaps to import instances from `Graphics.WaveFront.Parse.Common'
    To import instances alone, use: import Graphics.WaveFront.Parse.Common()

src\Graphics\WaveFront.hs:62:1: warning: [-Wunused-imports]
    The qualified import of `Graphics.WaveFront.Load' is redundant
      except perhaps to import instances from `Graphics.WaveFront.Load'
    To import instances alone, use: import Graphics.WaveFront.Load()
Installing library in
C:\Users\Jonatan\Desktop\Haskell\modules\wavefront-render\.stack-work\install\26812796\lib\x86_64-windows-ghc-8.0.1\WaveFront-0.5.0.0-Kz1vHExcfrYFo1L9lXsaRQ
Registering WaveFront-0.5.0.0...
